2024-09-16 06:01:49 - [32minfo[39m: [32mAplicação está funcionando na porta: 3000[39m
2024-09-16 06:02:10 - [32minfo[39m: [32mAplicação está funcionando na porta: 3000[39m
2024-09-16 06:05:15 - [32minfo[39m: [32mConectou ao banco de dados com sucesso.[39m
2024-09-16 06:05:15 - [32minfo[39m: [32mAplicação está funcionando na porta: 3000[39m
2024-09-16 06:05:29 - [32minfo[39m: [32mConectou ao banco de dados com sucesso.[39m
2024-09-16 06:05:29 - [32minfo[39m: [32mAplicação está funcionando na porta: 3000[39m
2024-09-16 06:06:22 - [31merror[39m: [31mNão foi possível conectar![39m
2024-09-16 06:06:22 - [31merror[39m: [31mErro: Error: querySrv ENOTFOUND _mongodb._tcp.udemi.p7dyt.mongodb.net[39m
2024-09-16 06:06:22 - [32minfo[39m: [32mAplicação está funcionando na porta: 3000[39m
2024-09-16 06:06:32 - [32minfo[39m: [32mConectou ao banco de dados com sucesso.[39m
2024-09-16 06:06:32 - [32minfo[39m: [32mAplicação está funcionando na porta: 3000[39m
2024-09-16 06:06:56 - [32minfo[39m: [32mConectou ao banco de dados com sucesso.[39m
2024-09-16 06:06:56 - [32minfo[39m: [32mAplicação está funcionando na porta: 3000[39m
2024-09-16 06:07:04 - [31merror[39m: [31mNão foi possível conectar![39m
2024-09-16 06:07:42 - [32minfo[39m: [32mConectou ao banco de dados com sucesso.[39m
2024-09-16 06:07:42 - [32minfo[39m: [32mAplicação está funcionando na porta: 3000[39m
2024-09-17 17:51:33 - [31merror[39m: [31mNão foi possível conectar![39m
2024-09-17 17:53:55 - [32minfo[39m: [32mConectou ao banco de dados com sucesso.[39m
2024-09-17 17:53:55 - [32minfo[39m: [32mAplicação está funcionando na porta: 3000[39m
2024-09-17 17:55:20 - [32minfo[39m: [32mConectou ao banco de dados com sucesso.[39m
2024-09-17 17:55:20 - [32minfo[39m: [32mAplicação está funcionando na porta: 3000[39m
2024-09-18 05:39:29 - [31merror[39m: [31mNão foi possível conectar![39m
2024-09-18 05:40:41 - [32minfo[39m: [32mConectou ao banco de dados com sucesso.[39m
2024-09-18 05:40:41 - [32minfo[39m: [32mAplicação está funcionando na porta: 3000[39m
2024-09-18 05:41:10 - [32minfo[39m: [32mConectou ao banco de dados com sucesso.[39m
2024-09-18 05:41:10 - [32minfo[39m: [32mAplicação está funcionando na porta: 3000[39m
2024-09-18 05:42:11 - [32minfo[39m: [32mConectou ao banco de dados com sucesso.[39m
2024-09-18 05:42:11 - [32minfo[39m: [32mAplicação está funcionando na porta: 3000[39m
2024-09-18 05:42:16 - [32minfo[39m: [32mConectou ao banco de dados com sucesso.[39m
2024-09-18 05:42:16 - [32minfo[39m: [32mAplicação está funcionando na porta: 3000[39m
2024-09-18 05:42:17 - [35mhttp[39m: [35mGET /api/test 200 15 - 1.945 ms[39m
[35m[39m
2024-09-18 05:42:27 - [35mhttp[39m: [35mGET /api/test 200 15 - 0.412 ms[39m
[35m[39m
2024-09-18 05:52:51 - [32minfo[39m: [32mConectou ao banco de dados com sucesso.[39m
2024-09-18 05:52:51 - [32minfo[39m: [32mAplicação está funcionando na porta: 3000[39m
2024-09-18 05:53:14 - [35mhttp[39m: [35mGET /api/test 200 15 - 2.624 ms[39m
[35m[39m
2024-09-18 05:54:27 - [35mhttp[39m: [35mGET /test 404 143 - 1.443 ms[39m
[35m[39m
2024-09-18 05:54:32 - [35mhttp[39m: [35mGET /api/test 200 15 - 0.634 ms[39m
[35m[39m
2024-09-18 05:54:40 - [35mhttp[39m: [35mGET /movie 404 144 - 0.332 ms[39m
[35m[39m
2024-09-18 05:54:53 - [35mhttp[39m: [35mPOST /movie 404 145 - 0.264 ms[39m
[35m[39m
2024-09-18 05:55:09 - [32minfo[39m: [32mConectou ao banco de dados com sucesso.[39m
2024-09-18 05:55:09 - [32minfo[39m: [32mAplicação está funcionando na porta: 3000[39m
2024-09-18 05:55:12 - [35mhttp[39m: [35mPOST /movie 404 145 - 2.895 ms[39m
[35m[39m
2024-09-18 05:55:48 - [35mhttp[39m: [35mPOST /movie 404 145 - 0.472 ms[39m
[35m[39m
2024-09-18 05:55:58 - [35mhttp[39m: [35mPOST /movie 404 145 - 0.242 ms[39m
[35m[39m
2024-09-18 05:56:06 - [35mhttp[39m: [35mGET /api/test 200 15 - 1.697 ms[39m
[35m[39m
2024-09-18 05:56:11 - [35mhttp[39m: [35mPOST /movie 404 145 - 0.435 ms[39m
[35m[39m
2024-09-18 05:56:15 - [35mhttp[39m: [35mPOST /movie/ 404 146 - 0.233 ms[39m
[35m[39m
2024-09-18 05:56:38 - [35mhttp[39m: [35mPOST /movie 404 145 - 0.207 ms[39m
[35m[39m
2024-09-18 05:56:40 - [35mhttp[39m: [35mPOST /movie 404 145 - 0.285 ms[39m
[35m[39m
2024-09-18 05:57:14 - [32minfo[39m: [32mConectou ao banco de dados com sucesso.[39m
2024-09-18 05:57:14 - [32minfo[39m: [32mAplicação está funcionando na porta: 3000[39m
2024-09-18 05:57:17 - [35mhttp[39m: [35mPOST /movie 404 145 - 1.575 ms[39m
[35m[39m
2024-09-18 05:57:20 - [35mhttp[39m: [35mGET /api/test 200 15 - 1.763 ms[39m
[35m[39m
2024-09-18 05:58:33 - [32minfo[39m: [32mConectou ao banco de dados com sucesso.[39m
2024-09-18 05:58:33 - [32minfo[39m: [32mAplicação está funcionando na porta: 3000[39m
2024-09-18 05:58:40 - [32minfo[39m: [32mConectou ao banco de dados com sucesso.[39m
2024-09-18 05:58:40 - [32minfo[39m: [32mAplicação está funcionando na porta: 3000[39m
2024-09-18 05:58:43 - [35mhttp[39m: [35mPOST /movie 404 145 - 2.219 ms[39m
[35m[39m
2024-09-18 05:58:48 - [35mhttp[39m: [35mGET /api/test 200 15 - 1.492 ms[39m
[35m[39m
2024-09-18 05:58:58 - [35mhttp[39m: [35mPOST /api/movie 200 23 - 0.548 ms[39m
[35m[39m
2024-09-18 05:59:26 - [35mhttp[39m: [35mGET /api/test 200 15 - 0.337 ms[39m
[35m[39m
2024-09-18 05:59:31 - [35mhttp[39m: [35mPOST /movie 404 145 - 0.314 ms[39m
[35m[39m
2024-09-18 05:59:46 - [35mhttp[39m: [35mPOST /api/movie 200 23 - 0.374 ms[39m
[35m[39m
2024-09-18 06:00:03 - [32minfo[39m: [32mConectou ao banco de dados com sucesso.[39m
2024-09-18 06:00:03 - [32minfo[39m: [32mAplicação está funcionando na porta: 3000[39m
2024-09-18 06:00:04 - [35mhttp[39m: [35mPOST /api/movie 200 23 - 2.584 ms[39m
[35m[39m
2024-09-18 06:00:05 - [35mhttp[39m: [35mGET /api/test 200 15 - 0.871 ms[39m
[35m[39m
2024-09-18 06:00:36 - [32minfo[39m: [32mConectou ao banco de dados com sucesso.[39m
2024-09-18 06:00:36 - [32minfo[39m: [32mAplicação está funcionando na porta: 3000[39m
2024-09-18 06:00:39 - [35mhttp[39m: [35mPOST /api/movie 200 23 - 2.504 ms[39m
[35m[39m
2024-09-18 06:00:40 - [35mhttp[39m: [35mGET /api/test 200 15 - 0.744 ms[39m
[35m[39m
2024-09-18 06:00:42 - [35mhttp[39m: [35mPOST /api/movie 200 23 - 0.512 ms[39m
[35m[39m
2024-09-18 06:03:47 - [32minfo[39m: [32mConectou ao banco de dados com sucesso.[39m
2024-09-18 06:03:47 - [32minfo[39m: [32mAplicação está funcionando na porta: 3000[39m
2024-09-18 06:03:49 - [32minfo[39m: [32mConectou ao banco de dados com sucesso.[39m
2024-09-18 06:03:49 - [32minfo[39m: [32mAplicação está funcionando na porta: 3000[39m
2024-09-18 06:04:14 - [32minfo[39m: [32mConectou ao banco de dados com sucesso.[39m
2024-09-18 06:04:14 - [32minfo[39m: [32mAplicação está funcionando na porta: 3000[39m
2024-09-18 06:04:41 - [35mhttp[39m: [35mPOST /api/movie 200 158 - 78.848 ms[39m
[35m[39m
2024-09-18 06:05:25 - [35mhttp[39m: [35mPOST /api/movie 200 276 - 67.818 ms[39m
[35m[39m
2024-09-18 06:09:52 - [32minfo[39m: [32mConectou ao banco de dados com sucesso.[39m
2024-09-18 06:09:52 - [32minfo[39m: [32mAplicação está funcionando na porta: 3000[39m
2024-09-18 06:10:14 - [35mhttp[39m: [35mPOST /api/movie 200 311 - 81.004 ms[39m
[35m[39m
2024-09-18 06:13:16 - [32minfo[39m: [32mConectou ao banco de dados com sucesso.[39m
2024-09-18 06:13:16 - [32minfo[39m: [32mAplicação está funcionando na porta: 3000[39m
2024-09-18 06:14:24 - [35mhttp[39m: [35mPOST /api/movie 200 311 - 82.700 ms[39m
[35m[39m
